\BOOKMARK [1][-]{section.1}{\376\377\000P\000r\000o\000j\000e\000c\000t\000\040\000G\000o\000a\000l}{}% 1
\BOOKMARK [1][-]{section.2}{\376\377\000D\000e\000s\000c\000r\000i\000p\000t\000i\000o\000n\000\040\000o\000f\000\040\000D\000a\000t\000a\000s\000e\000t}{}% 2
\BOOKMARK [1][-]{section.3}{\376\377\000D\000a\000t\000a\000s\000e\000t\000\040\000P\000r\000e\000p\000r\000o\000c\000e\000s\000s\000i\000n\000g}{}% 3
\BOOKMARK [2][-]{subsection.3.1}{\376\377\000D\000a\000t\000a\000\040\000I\000n\000j\000e\000c\000t\000i\000v\000i\000t\000y\000\040\000T\000e\000s\000t}{section.3}% 4
\BOOKMARK [3][-]{subsubsection.3.1.1}{\376\377\000R\000e\000s\000u\000l\000t\000s\000\040\000o\000f\000\040\000t\000h\000e\000\040\000D\000a\000t\000a\000\040\000I\000n\000j\000e\000c\000t\000i\000v\000i\000t\000y\000\040\000T\000e\000s\000t}{subsection.3.1}% 5
\BOOKMARK [2][-]{subsection.3.2}{\376\377\000D\000e\000l\000e\000t\000i\000n\000g\000\040\000I\000r\000r\000e\000g\000u\000l\000a\000r\000\040\000R\000o\000w\000s}{section.3}% 6
\BOOKMARK [2][-]{subsection.3.3}{\376\377\000W\000o\000r\000k\000i\000n\000g\000\040\000w\000i\000t\000h\000\040\000W\000e\000k\000a}{section.3}% 7
\BOOKMARK [2][-]{subsection.3.4}{\376\377\000U\000n\000r\000e\000a\000s\000o\000n\000a\000b\000l\000e\000\040\000A\000t\000t\000r\000i\000b\000u\000t\000e\000s}{section.3}% 8
\BOOKMARK [2][-]{subsection.3.5}{\376\377\000M\000i\000s\000s\000i\000n\000g\000\040\000V\000a\000l\000u\000e\000s\000\040\000\050\000C\000o\000l\000u\000m\000n\000-\000W\000i\000s\000e\000\040\000A\000n\000a\000l\000y\000s\000i\000s\000\051}{section.3}% 9
\BOOKMARK [2][-]{subsection.3.6}{\376\377\000M\000i\000s\000s\000i\000n\000g\000\040\000V\000a\000l\000u\000e\000s\000\040\000\050\000R\000o\000w\000-\000W\000i\000s\000e\000\040\000A\000n\000a\000l\000y\000s\000i\000s\000\051}{section.3}% 10
\BOOKMARK [2][-]{subsection.3.7}{\376\377\000C\000h\000a\000n\000g\000i\000n\000g\000\040\000D\000a\000t\000a\000t\000y\000p\000e\000s}{section.3}% 11
\BOOKMARK [3][-]{subsubsection.3.7.1}{\376\377\000C\000o\000n\000v\000e\000r\000t\000e\000d\000\040\000S\000t\000r\000i\000n\000g\000\040\000A\000t\000t\000r\000i\000b\000u\000t\000e\000s}{subsection.3.7}% 12
\BOOKMARK [3][-]{subsubsection.3.7.2}{\376\377\000O\000n\000e\000-\000H\000o\000t\000\040\000E\000n\000c\000o\000d\000i\000n\000g}{subsection.3.7}% 13
\BOOKMARK [2][-]{subsection.3.8}{\376\377\000D\000e\000a\000l\000i\000n\000g\000\040\000w\000i\000t\000h\000\040\000M\000i\000s\000s\000i\000n\000g\000\040\000V\000a\000l\000u\000e\000s\000\040\000\050\000C\000l\000a\000s\000s\000\051}{section.3}% 14
\BOOKMARK [2][-]{subsection.3.9}{\376\377\000D\000e\000a\000l\000i\000n\000g\000\040\000w\000i\000t\000h\000\040\000M\000i\000s\000s\000i\000n\000g\000\040\000V\000a\000l\000u\000e\000s\000\040\000\050\000C\000o\000n\000t\000i\000n\000u\000o\000u\000s\000,\000\040\000N\000o\000m\000i\000n\000a\000l\000,\000\040\000D\000i\000s\000c\000r\000e\000t\000e\000\051}{section.3}% 15
\BOOKMARK [2][-]{subsection.3.10}{\376\377\000O\000b\000v\000i\000o\000u\000s\000\040\000A\000t\000t\000r\000i\000b\000u\000t\000e\000s}{section.3}% 16
\BOOKMARK [2][-]{subsection.3.11}{\376\377\000D\000a\000t\000a\000\040\000D\000i\000s\000c\000r\000e\000t\000i\000z\000a\000t\000i\000o\000n}{section.3}% 17
\BOOKMARK [1][-]{section.4}{\376\377\000A\000t\000t\000r\000i\000b\000u\000t\000e\000\040\000S\000e\000l\000e\000c\000t\000i\000o\000n}{}% 18
\BOOKMARK [2][-]{subsection.4.1}{\376\377\000C\000f\000s\000S\000u\000b\000s\000e\000t\000E\000v\000a\000l}{section.4}% 19
\BOOKMARK [2][-]{subsection.4.2}{\376\377\000C\000o\000r\000r\000e\000l\000a\000t\000i\000o\000n\000A\000t\000t\000r\000i\000b\000u\000t\000e\000E\000v\000a\000l}{section.4}% 20
\BOOKMARK [2][-]{subsection.4.3}{\376\377\000G\000a\000i\000n\000R\000a\000t\000i\000o\000A\000t\000t\000r\000i\000b\000u\000t\000e\000E\000v\000a\000l}{section.4}% 21
\BOOKMARK [2][-]{subsection.4.4}{\376\377\000I\000n\000f\000o\000G\000a\000i\000n\000A\000t\000t\000r\000i\000b\000u\000t\000e\000E\000v\000a\000l}{section.4}% 22
\BOOKMARK [2][-]{subsection.4.5}{\376\377\000S\000e\000l\000f\000S\000e\000l\000e\000c\000t\000e\000d}{section.4}% 23
\BOOKMARK [1][-]{section.5}{\376\377\000M\000o\000d\000e\000l\000\040\000S\000e\000l\000e\000c\000t\000i\000o\000n}{}% 24
\BOOKMARK [2][-]{subsection.5.1}{\376\377\000O\000n\000e\000R}{section.5}% 25
\BOOKMARK [2][-]{subsection.5.2}{\376\377\000N\000a\000i\000v\000e\000\040\000B\000a\000y\000e\000s}{section.5}% 26
\BOOKMARK [2][-]{subsection.5.3}{\376\377\000J\0004\0008}{section.5}% 27
\BOOKMARK [2][-]{subsection.5.4}{\376\377\000B\000a\000y\000e\000s\000N\000e\000t}{section.5}% 28
\BOOKMARK [2][-]{subsection.5.5}{\376\377\000M\000o\000d\000e\000l\000s}{section.5}% 29
\BOOKMARK [1][-]{section.6}{\376\377\000R\000e\000s\000u\000l\000t\000s}{}% 30
\BOOKMARK [2][-]{subsection.6.1}{\376\377\000O\000v\000e\000r\000f\000i\000t\000t\000i\000n\000g\000\040\000a\000n\000d\000\040\000U\000n\000d\000e\000r\000f\000i\000t\000t\000i\000n\000g}{section.6}% 31
\BOOKMARK [2][-]{subsection.6.2}{\376\377\000T\000P\000,\000F\000P\000\040\000R\000a\000t\000e\000s\000,\000\040\000a\000n\000d\000\040\000R\000O\000C}{section.6}% 32
\BOOKMARK [1][-]{section.7}{\376\377\000D\000i\000s\000c\000u\000s\000s\000i\000o\000n\000\040\000a\000n\000d\000\040\000C\000o\000n\000c\000l\000u\000s\000i\000o\000n}{}% 33
\BOOKMARK [1][-]{section*.9}{\376\377\000R\000e\000f\000e\000r\000e\000n\000c\000e\000s}{}% 34
\BOOKMARK [1][-]{section.8}{\376\377\000A\000p\000p\000e\000n\000d\000i\000x}{}% 35
\BOOKMARK [1][-]{appendix.A}{\376\377\000A\000t\000t\000r\000i\000b\000u\000t\000e\000\040\000S\000e\000l\000e\000c\000t\000i\000o\000n\000\040\000\050\000W\000e\000k\000a\000\040\000O\000u\000t\000p\000u\000t\000s\000\051}{}% 36
\BOOKMARK [2][-]{subsection.A.1}{\376\377\000C\000f\000s\000S\000u\000b\000s\000e\000t\000E\000v\000a\000l}{appendix.A}% 37
\BOOKMARK [2][-]{subsection.A.2}{\376\377\000C\000o\000r\000r\000e\000l\000a\000t\000i\000o\000n\000A\000t\000t\000r\000i\000b\000u\000t\000e\000E\000v\000a\000l}{appendix.A}% 38
\BOOKMARK [2][-]{subsection.A.3}{\376\377\000G\000a\000i\000n\000R\000a\000t\000i\000o\000A\000t\000t\000r\000i\000b\000u\000t\000e\000E\000v\000a\000l}{appendix.A}% 39
\BOOKMARK [2][-]{subsection.A.4}{\376\377\000I\000n\000f\000o\000G\000a\000i\000n\000A\000t\000t\000r\000i\000b\000u\000t\000e\000E\000v\000a\000l}{appendix.A}% 40
\BOOKMARK [1][-]{appendix.B}{\376\377\000M\000o\000d\000e\000l\000\040\000S\000e\000l\000e\000c\000t\000i\000o\000n\000\040\000\050\000W\000e\000k\000a\000\040\000O\000u\000t\000p\000u\000t\000s\000\051}{}% 41
\BOOKMARK [2][-]{subsection.B.1}{\376\377\000O\000n\000e\000R}{appendix.B}% 42
\BOOKMARK [3][-]{subsubsection.B.1.1}{\376\377\000O\000n\000e\000R\000\040\000+\000\040\000C\000f\000s\000S\000u\000b\000s\000e\000t\000E\000v\000a\000l}{subsection.B.1}% 43
\BOOKMARK [3][-]{subsubsection.B.1.2}{\376\377\000O\000n\000e\000R\000\040\000+\000\040\000C\000o\000r\000r\000e\000l\000a\000t\000i\000o\000n\000A\000t\000t\000r\000i\000b\000u\000t\000e\000E\000v\000a\000l}{subsection.B.1}% 44
\BOOKMARK [3][-]{subsubsection.B.1.3}{\376\377\000O\000n\000e\000R\000\040\000+\000\040\000G\000a\000i\000n\000R\000a\000t\000i\000o\000A\000t\000t\000r\000i\000b\000u\000t\000e\000E\000v\000a\000l}{subsection.B.1}% 45
\BOOKMARK [3][-]{subsubsection.B.1.4}{\376\377\000O\000n\000e\000R\000\040\000+\000\040\000I\000n\000f\000o\000G\000a\000i\000n\000A\000t\000t\000r\000i\000b\000u\000t\000e\000E\000v\000a\000l}{subsection.B.1}% 46
\BOOKMARK [3][-]{subsubsection.B.1.5}{\376\377\000O\000n\000e\000R\000\040\000+\000\040\000S\000e\000l\000f\000S\000e\000l\000e\000c\000t\000e\000d}{subsection.B.1}% 47
\BOOKMARK [2][-]{subsection.B.2}{\376\377\000N\000a\000i\000v\000e\000B\000a\000y\000e\000s}{appendix.B}% 48
\BOOKMARK [3][-]{subsubsection.B.2.1}{\376\377\000N\000a\000i\000v\000e\000B\000a\000y\000e\000s\000\040\000+\000\040\000C\000f\000s\000S\000u\000b\000s\000e\000t\000E\000v\000a\000l}{subsection.B.2}% 49
\BOOKMARK [3][-]{subsubsection.B.2.2}{\376\377\000N\000a\000i\000v\000e\000B\000a\000y\000e\000s\000\040\000+\000\040\000C\000o\000r\000r\000e\000l\000a\000t\000i\000o\000n\000A\000t\000t\000r\000i\000b\000u\000t\000e\000E\000v\000a\000l}{subsection.B.2}% 50
\BOOKMARK [3][-]{subsubsection.B.2.3}{\376\377\000N\000a\000i\000v\000e\000B\000a\000y\000e\000s\000\040\000+\000\040\000G\000a\000i\000n\000R\000a\000t\000i\000o\000A\000t\000t\000r\000i\000b\000u\000t\000e\000E\000v\000a\000l}{subsection.B.2}% 51
\BOOKMARK [3][-]{subsubsection.B.2.4}{\376\377\000N\000a\000i\000v\000e\000B\000a\000y\000e\000s\000\040\000+\000\040\000I\000n\000f\000o\000G\000a\000i\000n\000A\000t\000t\000r\000i\000b\000u\000t\000e\000E\000v\000a\000l}{subsection.B.2}% 52
\BOOKMARK [3][-]{subsubsection.B.2.5}{\376\377\000N\000a\000i\000v\000e\000B\000a\000y\000e\000s\000\040\000+\000\040\000S\000e\000l\000f\000S\000e\000l\000e\000c\000t\000e\000d}{subsection.B.2}% 53
\BOOKMARK [2][-]{subsection.B.3}{\376\377\000J\0004\0008}{appendix.B}% 54
\BOOKMARK [3][-]{subsubsection.B.3.1}{\376\377\000J\0004\0008\000\040\000+\000\040\000C\000f\000s\000S\000u\000b\000s\000e\000t\000E\000v\000a\000l}{subsection.B.3}% 55
\BOOKMARK [3][-]{subsubsection.B.3.2}{\376\377\000J\0004\0008\000\040\000+\000\040\000C\000o\000r\000r\000e\000l\000a\000t\000i\000o\000n\000A\000t\000t\000r\000i\000b\000u\000t\000e\000E\000v\000a\000l}{subsection.B.3}% 56
\BOOKMARK [3][-]{subsubsection.B.3.3}{\376\377\000J\0004\0008\000\040\000+\000\040\000G\000a\000i\000n\000R\000a\000t\000i\000o\000A\000t\000t\000r\000i\000b\000u\000t\000e\000E\000v\000a\000l}{subsection.B.3}% 57
\BOOKMARK [3][-]{subsubsection.B.3.4}{\376\377\000J\0004\0008\000\040\000+\000\040\000I\000n\000f\000o\000G\000a\000i\000n\000A\000t\000t\000r\000i\000b\000u\000t\000e\000E\000v\000a\000l}{subsection.B.3}% 58
\BOOKMARK [3][-]{subsubsection.B.3.5}{\376\377\000J\0004\0008\000\040\000+\000\040\000S\000e\000l\000f\000S\000e\000l\000e\000c\000t\000e\000d}{subsection.B.3}% 59
\BOOKMARK [2][-]{subsection.B.4}{\376\377\000B\000a\000y\000e\000s\000N\000e\000t}{appendix.B}% 60
\BOOKMARK [3][-]{subsubsection.B.4.1}{\376\377\000B\000a\000y\000e\000s\000N\000e\000t\000\040\000+\000\040\000C\000f\000s\000S\000u\000b\000s\000e\000t\000E\000v\000a\000l}{subsection.B.4}% 61
\BOOKMARK [3][-]{subsubsection.B.4.2}{\376\377\000B\000a\000y\000e\000s\000N\000e\000t\000\040\000+\000\040\000C\000o\000r\000r\000e\000l\000a\000t\000i\000o\000n\000A\000t\000t\000r\000i\000b\000u\000t\000e\000E\000v\000a\000l}{subsection.B.4}% 62
\BOOKMARK [3][-]{subsubsection.B.4.3}{\376\377\000B\000a\000y\000e\000s\000N\000e\000t\000\040\000+\000\040\000G\000a\000i\000n\000R\000a\000t\000i\000o\000A\000t\000t\000r\000i\000b\000u\000t\000e\000E\000v\000a\000l}{subsection.B.4}% 63
\BOOKMARK [3][-]{subsubsection.B.4.4}{\376\377\000B\000a\000y\000e\000s\000N\000e\000t\000\040\000+\000\040\000I\000n\000f\000o\000G\000a\000i\000n\000A\000t\000t\000r\000i\000b\000u\000t\000e\000E\000v\000a\000l}{subsection.B.4}% 64
\BOOKMARK [3][-]{subsubsection.B.4.5}{\376\377\000B\000a\000y\000e\000s\000N\000e\000t\000\040\000+\000\040\000S\000e\000l\000f\000S\000e\000l\000e\000c\000t\000e\000d}{subsection.B.4}% 65
